<?xml version="1.0" encoding="UTF-8"?>
<testsuite xmlns:xsi="http://www.w3.org/2001/XMLSchema-instance" xsi:noNamespaceSchemaLocation="https://maven.apache.org/surefire/maven-surefire-plugin/xsd/surefire-test-report.xsd" name="com.codenotfound.kafka.jpa.FailureRecordRepositoryTest" time="5.278" tests="1" errors="0" skipped="0" failures="0">
  <properties>
[...]
</properties>
  <testcase name="findAllByStatus" classname="com.codenotfound.kafka.jpa.FailureRecordRepositoryTest" time="0.442"/>
</testsuite>